[0m20:51:53.720571 [debug] [MainThread]: Sending event: {'category': 'dbt', 'action': 'invocation', 'label': 'start', 'context': [<snowplow_tracker.self_describing_json.SelfDescribingJson object at 0x000001A83148FE30>, <snowplow_tracker.self_describing_json.SelfDescribingJson object at 0x000001A8311C9580>, <snowplow_tracker.self_describing_json.SelfDescribingJson object at 0x000001A8315B35C0>]}


============================== 20:51:53.771933 | ea5385ab-3b12-4b60-b286-f11598231a5d ==============================
[0m20:51:53.771933 [info ] [MainThread]: Running with dbt=1.12.0
[0m20:51:53.777735 [debug] [MainThread]: running dbt with arguments {'version_check': 'True', 'no_print': 'None', 'static_parser': 'True', 'target_path': 'None', 'warn_error_options': 'WarnErrorOptionsV2(error=[], warn=[], silence=[])', 'maximum_seed_size_mib': '1', 'printer_width': '80', 'write_json': 'True', 'introspect': 'True', 'log_cache_events': 'False', 'empty': 'None', 'cache_selected_only': 'False', 'log_format': 'default', 'debug': 'False', 'fail_fast': 'False', 'profiles_dir': 'C:\\Users\\SREEJA GUBBALA\\.dbt', 'send_anonymous_usage_stats': 'True', 'quiet': 'False', 'warn_error': 'None', 'partial_parse': 'True', 'invocation_command': 'dbt init metricmind_dbt', 'hints_enabled': 'True', 'indirect_selection': 'eager', 'use_experimental_parser': 'False', 'use_colors': 'True', 'log_path': 'logs'}
[0m20:51:54.317962 [info ] [MainThread]: Creating dbt configuration folder at C:\Users\SREEJA GUBBALA\.dbt
[0m20:51:54.350065 [debug] [MainThread]: Starter project path: C:\Users\SREEJA GUBBALA\OneDrive\MetricMind\metric-mind\venv\Lib\site-packages\dbt\include\starter_project
[0m20:51:54.725956 [info ] [MainThread]: Setting up your profile.
[0m20:55:49.520584 [error] [MainThread]: [[31mERROR[0m]: Encountered an error:

[0m20:55:49.710344 [error] [MainThread]: Traceback (most recent call last):
  File "C:\Users\SREEJA GUBBALA\OneDrive\MetricMind\metric-mind\venv\Lib\site-packages\dbt\cli\requires.py", line 190, in wrapper
    result, success = func(*args, **kwargs)
                      ^^^^^^^^^^^^^^^^^^^^^
  File "C:\Users\SREEJA GUBBALA\OneDrive\MetricMind\metric-mind\venv\Lib\site-packages\dbt\cli\requires.py", line 136, in wrapper
    return func(*args, **kwargs)
           ^^^^^^^^^^^^^^^^^^^^^
  File "C:\Users\SREEJA GUBBALA\OneDrive\MetricMind\metric-mind\venv\Lib\site-packages\dbt\cli\main.py", line 503, in init
    results = task.run()
              ^^^^^^^^^^
  File "C:\Users\SREEJA GUBBALA\OneDrive\MetricMind\metric-mind\venv\Lib\site-packages\dbt\task\init.py", line 360, in run
    self.setup_profile(profile_name)
  File "C:\Users\SREEJA GUBBALA\OneDrive\MetricMind\metric-mind\venv\Lib\site-packages\dbt\task\init.py", line 264, in setup_profile
    self.create_profile_from_target(adapter, profile_name=profile_name)
  File "C:\Users\SREEJA GUBBALA\OneDrive\MetricMind\metric-mind\venv\Lib\site-packages\dbt\task\init.py", line 181, in create_profile_from_target
    self.create_profile_from_profile_template(profile_template, profile_name)
  File "C:\Users\SREEJA GUBBALA\OneDrive\MetricMind\metric-mind\venv\Lib\site-packages\dbt\task\init.py", line 165, in create_profile_from_profile_template
    target = self.generate_target_from_input(prompts, initial_target)
             ^^^^^^^^^^^^^^^^^^^^^^^^^^^^^^^^^^^^^^^^^^^^^^^^^^^^^^^^
  File "C:\Users\SREEJA GUBBALA\OneDrive\MetricMind\metric-mind\venv\Lib\site-packages\dbt\task\init.py", line 131, in generate_target_from_input
    target[key] = click.prompt(
                  ^^^^^^^^^^^^^
  File "C:\Users\SREEJA GUBBALA\OneDrive\MetricMind\metric-mind\venv\Lib\site-packages\click\termui.py", line 218, in prompt
    value = prompt_func(prompt)
            ^^^^^^^^^^^^^^^^^^^
  File "C:\Users\SREEJA GUBBALA\OneDrive\MetricMind\metric-mind\venv\Lib\site-packages\click\termui.py", line 201, in prompt_func
    raise Abort() from None
click.exceptions.Abort

[0m20:55:49.764039 [debug] [MainThread]: Command `dbt init` failed at 20:55:49.754708 after 238.03 seconds
[0m20:55:49.794011 [debug] [MainThread]: Sending event: {'category': 'dbt', 'action': 'invocation', 'label': 'end', 'context': [<snowplow_tracker.self_describing_json.SelfDescribingJson object at 0x000001A83199A930>, <snowplow_tracker.self_describing_json.SelfDescribingJson object at 0x000001A8337B74A0>, <snowplow_tracker.self_describing_json.SelfDescribingJson object at 0x000001A8335BE3F0>]}
[0m20:55:49.815986 [debug] [MainThread]: Flushing usage events
[0m20:55:52.932769 [debug] [MainThread]: An error was encountered while trying to flush usage events
[0m20:56:19.055464 [debug] [MainThread]: Sending event: {'category': 'dbt', 'action': 'invocation', 'label': 'start', 'context': [<snowplow_tracker.self_describing_json.SelfDescribingJson object at 0x000002E24D7480B0>, <snowplow_tracker.self_describing_json.SelfDescribingJson object at 0x000002E24D74BD40>, <snowplow_tracker.self_describing_json.SelfDescribingJson object at 0x000002E24D748530>]}


============================== 20:56:19.067183 | 0e653156-4eab-4c87-be5e-3359b16bb812 ==============================
[0m20:56:19.067183 [info ] [MainThread]: Running with dbt=1.12.0
[0m20:56:19.069194 [debug] [MainThread]: running dbt with arguments {'static_parser': 'True', 'no_print': 'None', 'version_check': 'True', 'target_path': 'None', 'warn_error_options': 'WarnErrorOptionsV2(error=[], warn=[], silence=[])', 'maximum_seed_size_mib': '1', 'printer_width': '80', 'write_json': 'True', 'introspect': 'True', 'log_cache_events': 'False', 'empty': 'None', 'cache_selected_only': 'False', 'log_format': 'default', 'debug': 'False', 'fail_fast': 'False', 'partial_parse': 'True', 'send_anonymous_usage_stats': 'True', 'quiet': 'False', 'warn_error': 'None', 'profiles_dir': 'C:\\Users\\SREEJA GUBBALA\\.dbt', 'invocation_command': 'dbt init metricmind_dbt', 'hints_enabled': 'True', 'indirect_selection': 'eager', 'use_experimental_parser': 'False', 'use_colors': 'True', 'log_path': 'logs'}
[0m20:56:19.125780 [info ] [MainThread]: A project called metricmind_dbt already exists here.
[0m20:56:19.134166 [debug] [MainThread]: Command `dbt init` succeeded at 20:56:19.134166 after 0.59 seconds
[0m20:56:19.134166 [debug] [MainThread]: Sending event: {'category': 'dbt', 'action': 'invocation', 'label': 'end', 'context': [<snowplow_tracker.self_describing_json.SelfDescribingJson object at 0x000002E24AB31160>, <snowplow_tracker.self_describing_json.SelfDescribingJson object at 0x000002E24B7AA810>, <snowplow_tracker.self_describing_json.SelfDescribingJson object at 0x000002E24D7CD280>]}
[0m20:56:19.134166 [debug] [MainThread]: Flushing usage events
[0m20:56:24.675687 [debug] [MainThread]: An error was encountered while trying to flush usage events
